2022-11-07 15:53:42.592  INFO 3688 --- [main] c.a.S.StudentSystemApplication           : Starting StudentSystemApplication using Java 18.0.2.1 on ALP with PID 3688 (C:\Users\sanai\IdeaProjects\StudentSystem\target\classes started by sanai in C:\Users\sanai\IdeaProjects\StudentSystem)
2022-11-07 15:53:42.604  INFO 3688 --- [main] c.a.S.StudentSystemApplication           : No active profile set, falling back to 1 default profile: "default"
2022-11-07 15:53:43.565  INFO 3688 --- [main] .s.d.r.c.RepositoryConfigurationDelegate : Bootstrapping Spring Data JPA repositories in DEFAULT mode.
2022-11-07 15:53:43.633  INFO 3688 --- [main] .s.d.r.c.RepositoryConfigurationDelegate : Finished Spring Data repository scanning in 54 ms. Found 1 JPA repository interfaces.
2022-11-07 15:53:44.352  INFO 3688 --- [main] o.s.b.w.embedded.tomcat.TomcatWebServer  : Tomcat initialized with port(s): 8080 (http)
2022-11-07 15:53:44.365  INFO 3688 --- [main] o.apache.catalina.core.StandardService   : Starting service [Tomcat]
2022-11-07 15:53:44.366  INFO 3688 --- [main] org.apache.catalina.core.StandardEngine  : Starting Servlet engine: [Apache Tomcat/9.0.68]
2022-11-07 15:53:44.515  INFO 3688 --- [main] o.a.c.c.C.[Tomcat].[localhost].[/]       : Initializing Spring embedded WebApplicationContext
2022-11-07 15:53:44.515  INFO 3688 --- [main] w.s.c.ServletWebServerApplicationContext : Root WebApplicationContext: initialization completed in 1765 ms
2022-11-07 15:53:44.930  INFO 3688 --- [main] o.hibernate.jpa.internal.util.LogHelper  : HHH000204: Processing PersistenceUnitInfo [name: default]
2022-11-07 15:53:45.029  INFO 3688 --- [main] org.hibernate.Version                    : HHH000412: Hibernate ORM core version 5.6.12.Final
2022-11-07 15:53:45.306  INFO 3688 --- [main] o.hibernate.annotations.common.Version   : HCANN000001: Hibernate Commons Annotations {5.1.2.Final}
2022-11-07 15:53:45.443  INFO 3688 --- [main] com.zaxxer.hikari.HikariDataSource       : HikariPool-1 - Starting...
2022-11-07 15:53:45.686  INFO 3688 --- [main] com.zaxxer.hikari.HikariDataSource       : HikariPool-1 - Start completed.
2022-11-07 15:53:45.704  INFO 3688 --- [main] org.hibernate.dialect.Dialect            : HHH000400: Using dialect: org.hibernate.dialect.MySQL5Dialect
2022-11-07 15:53:46.407  INFO 3688 --- [main] o.h.e.t.j.p.i.JtaPlatformInitiator       : HHH000490: Using JtaPlatform implementation: [org.hibernate.engine.transaction.jta.platform.internal.NoJtaPlatform]
2022-11-07 15:53:46.418  INFO 3688 --- [main] j.LocalContainerEntityManagerFactoryBean : Initialized JPA EntityManagerFactory for persistence unit 'default'
2022-11-07 15:53:46.746  WARN 3688 --- [main] JpaBaseConfiguration$JpaWebConfiguration : spring.jpa.open-in-view is enabled by default. Therefore, database queries may be performed during view rendering. Explicitly configure spring.jpa.open-in-view to disable this warning
2022-11-07 15:53:47.126  INFO 3688 --- [main] o.s.b.w.embedded.tomcat.TomcatWebServer  : Tomcat started on port(s): 8080 (http) with context path ''
2022-11-07 15:53:47.137  INFO 3688 --- [main] c.a.S.StudentSystemApplication           : Started StudentSystemApplication in 5.13 seconds (JVM running for 8.881)
2022-11-07 15:53:53.024  INFO 3688 --- [http-nio-8080-exec-1] o.a.c.c.C.[Tomcat].[localhost].[/]       : Initializing Spring DispatcherServlet 'dispatcherServlet'
2022-11-07 15:53:53.024  INFO 3688 --- [http-nio-8080-exec-1] o.s.web.servlet.DispatcherServlet        : Initializing Servlet 'dispatcherServlet'
2022-11-07 15:53:53.026  INFO 3688 --- [http-nio-8080-exec-1] o.s.web.servlet.DispatcherServlet        : Completed initialization in 1 ms
2022-11-07 18:51:10.231  INFO 3688 --- [SpringApplicationShutdownHook] j.LocalContainerEntityManagerFactoryBean : Closing JPA EntityManagerFactory for persistence unit 'default'
2022-11-07 18:51:11.093  INFO 3688 --- [SpringApplicationShutdownHook] com.zaxxer.hikari.HikariDataSource       : HikariPool-1 - Shutdown initiated...
2022-11-07 18:51:11.549  INFO 3688 --- [SpringApplicationShutdownHook] com.zaxxer.hikari.HikariDataSource       : HikariPool-1 - Shutdown completed.
2022-11-07 18:51:25.588  INFO 14160 --- [main] c.a.S.StudentSystemApplication           : Starting StudentSystemApplication using Java 18.0.2.1 on ALP with PID 14160 (C:\Users\sanai\IdeaProjects\StudentSystem\target\classes started by sanai in C:\Users\sanai\IdeaProjects\StudentSystem)
2022-11-07 18:51:25.593  INFO 14160 --- [main] c.a.S.StudentSystemApplication           : No active profile set, falling back to 1 default profile: "default"
2022-11-07 18:51:26.758  INFO 14160 --- [main] .s.d.r.c.RepositoryConfigurationDelegate : Bootstrapping Spring Data JPA repositories in DEFAULT mode.
2022-11-07 18:51:26.948  INFO 14160 --- [main] .s.d.r.c.RepositoryConfigurationDelegate : Finished Spring Data repository scanning in 130 ms. Found 1 JPA repository interfaces.
2022-11-07 18:51:28.573  INFO 14160 --- [main] o.s.b.w.embedded.tomcat.TomcatWebServer  : Tomcat initialized with port(s): 8080 (http)
2022-11-07 18:51:28.588  INFO 14160 --- [main] o.apache.catalina.core.StandardService   : Starting service [Tomcat]
2022-11-07 18:51:28.590  INFO 14160 --- [main] org.apache.catalina.core.StandardEngine  : Starting Servlet engine: [Apache Tomcat/9.0.68]
2022-11-07 18:51:28.771  INFO 14160 --- [main] o.a.c.c.C.[Tomcat].[localhost].[/]       : Initializing Spring embedded WebApplicationContext
2022-11-07 18:51:28.772  INFO 14160 --- [main] w.s.c.ServletWebServerApplicationContext : Root WebApplicationContext: initialization completed in 3110 ms
2022-11-07 18:51:29.038  INFO 14160 --- [main] o.hibernate.jpa.internal.util.LogHelper  : HHH000204: Processing PersistenceUnitInfo [name: default]
2022-11-07 18:51:29.115  INFO 14160 --- [main] org.hibernate.Version                    : HHH000412: Hibernate ORM core version 5.6.12.Final
2022-11-07 18:51:29.283  INFO 14160 --- [main] o.hibernate.annotations.common.Version   : HCANN000001: Hibernate Commons Annotations {5.1.2.Final}
2022-11-07 18:51:29.371  INFO 14160 --- [main] com.zaxxer.hikari.HikariDataSource       : HikariPool-1 - Starting...
2022-11-07 18:51:29.524  INFO 14160 --- [main] com.zaxxer.hikari.HikariDataSource       : HikariPool-1 - Start completed.
2022-11-07 18:51:29.539  INFO 14160 --- [main] org.hibernate.dialect.Dialect            : HHH000400: Using dialect: org.hibernate.dialect.MySQL5Dialect
2022-11-07 18:51:30.413  INFO 14160 --- [main] o.h.e.t.j.p.i.JtaPlatformInitiator       : HHH000490: Using JtaPlatform implementation: [org.hibernate.engine.transaction.jta.platform.internal.NoJtaPlatform]
2022-11-07 18:51:30.420  INFO 14160 --- [main] j.LocalContainerEntityManagerFactoryBean : Initialized JPA EntityManagerFactory for persistence unit 'default'
2022-11-07 18:51:30.677  WARN 14160 --- [main] JpaBaseConfiguration$JpaWebConfiguration : spring.jpa.open-in-view is enabled by default. Therefore, database queries may be performed during view rendering. Explicitly configure spring.jpa.open-in-view to disable this warning
2022-11-07 18:51:30.988  INFO 14160 --- [main] o.s.b.w.embedded.tomcat.TomcatWebServer  : Tomcat started on port(s): 8080 (http) with context path ''
2022-11-07 18:51:31.000  INFO 14160 --- [main] c.a.S.StudentSystemApplication           : Started StudentSystemApplication in 5.975 seconds (JVM running for 7.335)
2022-11-07 18:51:43.656  INFO 14160 --- [http-nio-8080-exec-2] o.a.c.c.C.[Tomcat].[localhost].[/]       : Initializing Spring DispatcherServlet 'dispatcherServlet'
2022-11-07 18:51:43.656  INFO 14160 --- [http-nio-8080-exec-2] o.s.web.servlet.DispatcherServlet        : Initializing Servlet 'dispatcherServlet'
2022-11-07 18:51:43.656  INFO 14160 --- [http-nio-8080-exec-2] o.s.web.servlet.DispatcherServlet        : Completed initialization in 0 ms
